<?xml version="1.0" encoding="UTF-8"?>
<testng-results ignored="0" total="2" passed="2" failed="0" skipped="0">
  <reporter-output>
  </reporter-output>
  <suite started-at="2025-02-21T14:03:08 SGT" name="Default suite" finished-at="2025-02-21T14:03:15 SGT" duration-ms="6697">
    <groups>
    </groups>
    <test started-at="2025-02-21T14:03:08 SGT" name="Default test" finished-at="2025-02-21T14:03:15 SGT" duration-ms="6697">
      <class name="com.dvops.maven.eclipse.NewTest">
        <test-method is-config="true" signature="beforeTest()[pri:0, instance:com.dvops.maven.eclipse.NewTest@641856]" started-at="2025-02-21T14:03:08 SGT" name="beforeTest" finished-at="2025-02-21T14:03:14 SGT" duration-ms="5898" status="PASS">
          <reporter-output>
          </reporter-output>
        </test-method> <!-- beforeTest -->
        <test-method signature="checkTitle()[pri:0, instance:com.dvops.maven.eclipse.NewTest@641856]" started-at="2025-02-21T14:03:14 SGT" name="checkTitle" finished-at="2025-02-21T14:03:14 SGT" duration-ms="191" status="PASS">
          <reporter-output>
          </reporter-output>
        </test-method> <!-- checkTitle -->
        <test-method signature="testButtonPresence()[pri:0, instance:com.dvops.maven.eclipse.NewTest@641856]" started-at="2025-02-21T14:03:14 SGT" name="testButtonPresence" finished-at="2025-02-21T14:03:15 SGT" duration-ms="404" status="PASS">
          <reporter-output>
          </reporter-output>
        </test-method> <!-- testButtonPresence -->
        <test-method is-config="true" signature="afterTest()[pri:0, instance:com.dvops.maven.eclipse.NewTest@641856]" started-at="2025-02-21T14:03:15 SGT" name="afterTest" finished-at="2025-02-21T14:03:15 SGT" duration-ms="128" status="PASS">
          <reporter-output>
          </reporter-output>
        </test-method> <!-- afterTest -->
      </class> <!-- com.dvops.maven.eclipse.NewTest -->
    </test> <!-- Default test -->
  </suite> <!-- Default suite -->
</testng-results>
