<?xml version="1.0" encoding="UTF-8"?>
<testng-results ignored="0" total="2" passed="2" failed="0" skipped="0">
  <reporter-output>
  </reporter-output>
  <suite started-at="2025-02-21T13:38:03 SGT" name="Default suite" finished-at="2025-02-21T13:38:08 SGT" duration-ms="4431">
    <groups>
    </groups>
    <test started-at="2025-02-21T13:38:03 SGT" name="Default test" finished-at="2025-02-21T13:38:08 SGT" duration-ms="4431">
      <class name="com.dvops.maven.eclipse.NewTest">
        <test-method is-config="true" signature="beforeTest()[pri:0, instance:com.dvops.maven.eclipse.NewTest@fd07cbb]" started-at="2025-02-21T13:38:03 SGT" name="beforeTest" finished-at="2025-02-21T13:38:07 SGT" duration-ms="3682" status="PASS">
          <reporter-output>
          </reporter-output>
        </test-method> <!-- beforeTest -->
        <test-method signature="checkTitle()[pri:0, instance:com.dvops.maven.eclipse.NewTest@fd07cbb]" started-at="2025-02-21T13:38:07 SGT" name="checkTitle" finished-at="2025-02-21T13:38:07 SGT" duration-ms="359" status="PASS">
          <reporter-output>
          </reporter-output>
        </test-method> <!-- checkTitle -->
        <test-method signature="testButtonPresence()[pri:0, instance:com.dvops.maven.eclipse.NewTest@fd07cbb]" started-at="2025-02-21T13:38:07 SGT" name="testButtonPresence" finished-at="2025-02-21T13:38:08 SGT" duration-ms="241" status="PASS">
          <reporter-output>
          </reporter-output>
        </test-method> <!-- testButtonPresence -->
        <test-method is-config="true" signature="afterTest()[pri:0, instance:com.dvops.maven.eclipse.NewTest@fd07cbb]" started-at="2025-02-21T13:38:08 SGT" name="afterTest" finished-at="2025-02-21T13:38:08 SGT" duration-ms="104" status="PASS">
          <reporter-output>
          </reporter-output>
        </test-method> <!-- afterTest -->
      </class> <!-- com.dvops.maven.eclipse.NewTest -->
    </test> <!-- Default test -->
  </suite> <!-- Default suite -->
</testng-results>
